09/11/2014, 15:32:12, 4, 0, D:\PROYEK\TimeRecord\bulanan.rpt:This field name is not known.
09/11/2014, 15:32:13, 4, 0, D:\PROYEK\TimeRecord\bulanan.rpt:This field name is not known.
09/11/2014, 15:32:13, 4, 0, D:\PROYEK\TimeRecord\bulanan.rpt:This field name is not known.
09/11/2014, 15:32:14, 4, 0, D:\PROYEK\TimeRecord\bulanan.rpt:This field name is not known.
09/11/2014, 15:32:14, 4, 0, D:\PROYEK\TimeRecord\bulanan.rpt:This field name is not known.
09/11/2014, 15:32:14, 4, 0, D:\PROYEK\TimeRecord\bulanan.rpt:This field name is not known.
09/11/2014, 15:32:14, 4, 0, D:\PROYEK\TimeRecord\bulanan.rpt:This field name is not known.
09/11/2014, 15:32:14, 4, 0, D:\PROYEK\TimeRecord\bulanan.rpt:This field name is not known.
09/11/2014, 15:32:15, 4, 0, D:\PROYEK\TimeRecord\bulanan.rpt:This field name is not known.
09/11/2014, 15:32:15, 4, 0, D:\PROYEK\TimeRecord\bulanan.rpt:This field name is not known.
09/11/2014, 15:32:15, 4, 0, D:\PROYEK\TimeRecord\bulanan.rpt:This field name is not known.
09/11/2014, 15:32:16, 4, 0, D:\PROYEK\TimeRecord\bulanan.rpt:This field name is not known.
09/11/2014, 15:32:16, 4, 0, D:\PROYEK\TimeRecord\bulanan.rpt:This field name is not known.
09/11/2014, 15:32:16, 4, 0, D:\PROYEK\TimeRecord\bulanan.rpt:This field name is not known.
09/11/2014, 15:32:16, 4, 0, D:\PROYEK\TimeRecord\bulanan.rpt:This field name is not known.
09/11/2014, 15:32:17, 4, 0, D:\PROYEK\TimeRecord\bulanan.rpt:This field name is not known.
09/11/2014, 15:32:17, 4, 0, D:\PROYEK\TimeRecord\bulanan.rpt:This field name is not known.
09/11/2014, 15:32:17, 4, 0, D:\PROYEK\TimeRecord\bulanan.rpt:This field name is not known.
09/11/2014, 15:32:18, 4, 0, D:\PROYEK\TimeRecord\bulanan.rpt:This field name is not known.
09/11/2014, 15:32:18, 4, 0, D:\PROYEK\TimeRecord\bulanan.rpt:This field name is not known.
09/11/2014, 15:40:50, 4, 0, D:\PROYEK\TimeRecord\bulanan.rpt:This field name is not known.
09/11/2014, 15:40:52, 4, 0, D:\PROYEK\TimeRecord\bulanan.rpt:This field name is not known.
09/11/2014, 15:40:52, 4, 0, D:\PROYEK\TimeRecord\bulanan.rpt:This field name is not known.
09/11/2014, 15:40:52, 4, 0, D:\PROYEK\TimeRecord\bulanan.rpt:This field name is not known.
09/11/2014, 15:40:53, 4, 0, D:\PROYEK\TimeRecord\bulanan.rpt:This field name is not known.
09/11/2014, 15:40:53, 4, 0, D:\PROYEK\TimeRecord\bulanan.rpt:This field name is not known.
09/11/2014, 15:40:53, 4, 0, D:\PROYEK\TimeRecord\bulanan.rpt:This field name is not known.
09/11/2014, 15:40:53, 4, 0, D:\PROYEK\TimeRecord\bulanan.rpt:This field name is not known.
09/11/2014, 15:40:53, 4, 0, D:\PROYEK\TimeRecord\bulanan.rpt:This field name is not known.
09/11/2014, 15:40:54, 4, 0, D:\PROYEK\TimeRecord\bulanan.rpt:This field name is not known.
09/11/2014, 15:40:54, 4, 0, D:\PROYEK\TimeRecord\bulanan.rpt:This field name is not known.
09/11/2014, 15:40:54, 4, 0, D:\PROYEK\TimeRecord\bulanan.rpt:This field name is not known.
09/11/2014, 15:40:54, 4, 0, D:\PROYEK\TimeRecord\bulanan.rpt:This field name is not known.
09/11/2014, 15:40:54, 4, 0, D:\PROYEK\TimeRecord\bulanan.rpt:This field name is not known.
09/11/2014, 15:47:54, 4, 0, D:\PROYEK\TimeRecord\Lapor.rpt:A date is required here.
09/11/2014, 15:47:55, 4, 0, D:\PROYEK\TimeRecord\Lapor.rpt:A date is required here.
09/11/2014, 15:47:55, 4, 0, D:\PROYEK\TimeRecord\Lapor.rpt:A date is required here.
09/11/2014, 15:47:55, 4, 0, D:\PROYEK\TimeRecord\Lapor.rpt:A date is required here.
09/11/2014, 15:47:56, 4, 0, D:\PROYEK\TimeRecord\Lapor.rpt:A date is required here.
09/11/2014, 15:47:56, 4, 0, D:\PROYEK\TimeRecord\Lapor.rpt:A date is required here.
09/11/2014, 15:47:56, 4, 0, D:\PROYEK\TimeRecord\Lapor.rpt:A date is required here.
09/11/2014, 15:47:56, 4, 0, D:\PROYEK\TimeRecord\Lapor.rpt:A date is required here.
09/11/2014, 15:47:58, 4, 0, D:\PROYEK\TimeRecord\Lapor.rpt:A date is required here.
09/11/2014, 15:48:01, 4, 0, D:\PROYEK\TimeRecord\Lapor.rpt:A date is required here.
09/11/2014, 15:48:01, 4, 0, D:\PROYEK\TimeRecord\Lapor.rpt:A date is required here.
09/11/2014, 15:48:01, 4, 0, D:\PROYEK\TimeRecord\Lapor.rpt:A date is required here.
09/11/2014, 15:48:01, 4, 0, D:\PROYEK\TimeRecord\Lapor.rpt:A date is required here.
09/11/2014, 15:48:02, 4, 0, D:\PROYEK\TimeRecord\Lapor.rpt:A date is required here.
09/11/2014, 15:48:02, 4, 0, D:\PROYEK\TimeRecord\Lapor.rpt:A date is required here.
09/11/2014, 15:48:02, 4, 0, D:\PROYEK\TimeRecord\Lapor.rpt:A date is required here.
09/11/2014, 15:48:02, 4, 0, D:\PROYEK\TimeRecord\Lapor.rpt:A date is required here.
09/11/2014, 15:48:02, 4, 0, D:\PROYEK\TimeRecord\Lapor.rpt:A date is required here.
09/11/2014, 15:48:02, 4, 0, D:\PROYEK\TimeRecord\Lapor.rpt:A date is required here.
09/11/2014, 15:48:03, 4, 0, D:\PROYEK\TimeRecord\Lapor.rpt:A date is required here.
09/11/2014, 15:48:03, 4, 0, D:\PROYEK\TimeRecord\Lapor.rpt:A date is required here.
09/11/2014, 15:48:03, 4, 0, D:\PROYEK\TimeRecord\Lapor.rpt:A date is required here.
09/11/2014, 15:48:03, 4, 0, D:\PROYEK\TimeRecord\Lapor.rpt:A date is required here.
09/11/2014, 15:48:03, 4, 0, D:\PROYEK\TimeRecord\Lapor.rpt:A date is required here.
09/11/2014, 15:50:41, 4, 0, D:\PROYEK\TimeRecord\Lapor.rpt:A date is required here.
09/11/2014, 15:50:42, 4, 0, D:\PROYEK\TimeRecord\Lapor.rpt:A date is required here.
09/11/2014, 15:50:43, 4, 0, D:\PROYEK\TimeRecord\Lapor.rpt:A date is required here.
09/11/2014, 15:50:43, 4, 0, D:\PROYEK\TimeRecord\Lapor.rpt:A date is required here.
09/11/2014, 15:50:43, 4, 0, D:\PROYEK\TimeRecord\Lapor.rpt:A date is required here.
09/11/2014, 15:50:43, 4, 0, D:\PROYEK\TimeRecord\Lapor.rpt:A date is required here.
09/11/2014, 15:50:43, 4, 0, D:\PROYEK\TimeRecord\Lapor.rpt:A date is required here.
09/11/2014, 15:50:44, 4, 0, D:\PROYEK\TimeRecord\Lapor.rpt:A date is required here.
09/11/2014, 15:50:44, 4, 0, D:\PROYEK\TimeRecord\Lapor.rpt:A date is required here.
09/11/2014, 15:50:45, 4, 0, D:\PROYEK\TimeRecord\Lapor.rpt:A date is required here.
09/11/2014, 15:50:45, 4, 0, D:\PROYEK\TimeRecord\Lapor.rpt:A date is required here.
09/11/2014, 15:50:45, 4, 0, D:\PROYEK\TimeRecord\Lapor.rpt:A date is required here.
09/11/2014, 15:50:45, 4, 0, D:\PROYEK\TimeRecord\Lapor.rpt:A date is required here.
09/11/2014, 15:50:46, 4, 0, D:\PROYEK\TimeRecord\Lapor.rpt:A date is required here.
09/11/2014, 15:50:46, 4, 0, D:\PROYEK\TimeRecord\Lapor.rpt:A date is required here.
09/11/2014, 15:50:46, 4, 0, D:\PROYEK\TimeRecord\Lapor.rpt:A date is required here.
09/11/2014, 15:50:46, 4, 0, D:\PROYEK\TimeRecord\Lapor.rpt:A date is required here.
09/11/2014, 15:50:46, 4, 0, D:\PROYEK\TimeRecord\Lapor.rpt:A date is required here.
09/11/2014, 15:50:47, 4, 0, D:\PROYEK\TimeRecord\Lapor.rpt:A date is required here.
09/11/2014, 15:50:47, 4, 0, D:\PROYEK\TimeRecord\Lapor.rpt:A date is required here.
09/11/2014, 15:50:47, 4, 0, D:\PROYEK\TimeRecord\Lapor.rpt:A date is required here.
09/11/2014, 15:50:47, 4, 0, D:\PROYEK\TimeRecord\Lapor.rpt:A date is required here.
09/11/2014, 15:50:47, 4, 0, D:\PROYEK\TimeRecord\Lapor.rpt:A date is required here.
06/07/2018, 23:09:28, 4, 0, D:\DATA RIM\data owncloud\ABSEN\ABSEN\laporan.rpt:File not found
07/07/18, 00:59:14, 4, 0, D:\DATA RIM\data owncloud\ABSEN\ABSEN\laporan.rpt:File not found
07/07/18, 00:59:53, 4, 0, D:\DATA RIM\data owncloud\ABSEN\ABSEN\laporan.rpt:File not found
07/07/18, 01:47:03, 4, 0, D:\DATA RIM\data owncloud\ABSEN\ABSEN\laporan.rpt:File not found
07/07/2018, 1:50:41, 4, 0, D:\DATA RIM\data owncloud\ABSEN\ABSEN\laporan.rpt:File not found
07/07/18, 10:04:59, 4, 0, D:\DATA RIM\data owncloud\ABSEN\ABSEN\laporan.rpt:File not found
07/07/18, 11:30:27, 4, 0, D:\DATA RIM\data owncloud\ABSEN\ABSEN\laporan.rpt:File not found
07/07/2018, 11:51:30, 4, 0, D:\DATA RIM\data owncloud\ABSEN\ABSEN\laporan.rpt:File not found
07/07/2018, 11:52:57, 4, 0, D:\DATA RIM\data owncloud\ABSEN\ABSEN\laporan.rpt:File not found
07/07/18, 12:23:48, 4, 0, D:\DATA RIM\data owncloud\ABSEN\ABSEN\laporan.rpt:File not found
07/07/18, 12:23:59, 4, 0, D:\DATA RIM\data owncloud\ABSEN\ABSEN\laporan.rpt:File not found
07/08/18, 12:40:33, 4, 0, D:\ABSEN\laporan.rpt:File not found
07/08/18, 12:41:59, 4, 0, D:\ABSEN\laporan.rpt:File not found
07/08/18, 12:42:53, 4, 0, D:\ABSEN\laporan.rpt:File not found
08/07/2018, 13:00:34, 4, 0, D:\ABSEN\laporan.rpt:File not found
07/10/18, 15:06:02, 4, 0, D:\ABSEN\laporan.rpt:File not found
26/09/2018, 9:36:27, 4, 0, E:\ABSEN\laporan.rpt:File not found
11/27/18, 19:41:56, 4, 0, D:\ABSEN\laporan.rpt:File not found
12/10/18, 15:50:56, 4, 0, D:\ABSEN\laporan.rpt:File not found
05/10/2019, 13:52:53, 4, 0, D:\ABSEN\laporan_tgl.rpt:A string is required here.
05/10/2019, 15:30:17, 4, 0, D:\ABSEN\Laporan.rpt:A string is required here.
05/10/2019, 15:30:23, 4, 0, D:\ABSEN\Laporan.rpt:A string is required here.
05/10/2019, 15:30:29, 4, 0, D:\ABSEN\Laporan.rpt:A string is required here.
06/10/2019, 12:29:10, 4, 0, D:\ABSEN\laporan.rpt:A string is required here.
06/10/2019, 13:17:40, 4, 0, D:\ABSEN\laporan.rpt:A string is required here.
06/10/2019, 13:18:23, 4, 0, D:\ABSEN\laporan.rpt:A string is required here.
06/10/2019, 13:19:10, 4, 0, D:\ABSEN\laporan.rpt:A string is required here.
06/10/2019, 13:19:44, 4, 0, D:\ABSEN\laporan.rpt:A string is required here.
06/10/2019, 13:20:15, 4, 0, D:\ABSEN\laporan.rpt:A string is required here.
06/10/2019, 17:36:30, 4, 0, D:\ABSEN\Laporan.Rpt:This field name is not known.
06/10/2019, 17:37:52, 4, 0, D:\ABSEN\Laporan.Rpt:A number, currency amount, boolean, date, time, date-time, or string is expected here.
06/10/2019, 17:37:53, 4, 0, D:\ABSEN\Laporan.Rpt:A number, currency amount, boolean, date, time, date-time, or string is expected here.
06/10/2019, 17:37:54, 4, 0, D:\ABSEN\Laporan.Rpt:A number, currency amount, boolean, date, time, date-time, or string is expected here.
06/10/2019, 17:37:54, 4, 0, D:\ABSEN\Laporan.Rpt:A number, currency amount, boolean, date, time, date-time, or string is expected here.
06/10/2019, 17:39:57, 4, 0, D:\ABSEN\Laporan.Rpt:A number, currency amount, boolean, date, time, date-time, or string is expected here.
06/10/2019, 17:39:57, 4, 0, D:\ABSEN\Laporan.Rpt:A number, currency amount, boolean, date, time, date-time, or string is expected here.
06/10/2019, 17:39:58, 4, 0, D:\ABSEN\Laporan.Rpt:A number, currency amount, boolean, date, time, date-time, or string is expected here.
06/10/2019, 17:39:58, 4, 0, D:\ABSEN\Laporan.Rpt:A number, currency amount, boolean, date, time, date-time, or string is expected here.
06/10/2019, 17:39:58, 4, 0, D:\ABSEN\Laporan.Rpt:A number, currency amount, boolean, date, time, date-time, or string is expected here.
06/10/2019, 17:39:58, 4, 0, D:\ABSEN\Laporan.Rpt:A number, currency amount, boolean, date, time, date-time, or string is expected here.
10/06/19, 18:10:14, 4, 0, D:\ABSEN\laporan.rpt:A string is required here.
10/06/19, 18:10:45, 4, 0, D:\ABSEN\laporan.rpt:A string is required here.
07/10/2019, 14:39:22, 4, 0, D:\ABSEN\laporan.rpt:A string is required here.
10/25/19, 16:03:59, 4, 0, D:\ABSEN\laporan.rpt:A string is required here.
10/25/19, 16:04:23, 4, 0, D:\ABSEN\laporan.rpt:A string is required here.
12/08/19, 14:59:09, 4, 0, D:\ABSEN\laporan.rpt:A string is required here.
09/09/20, 03:27:58, 4, 0, D:\My Project\vb6\ABSEN APPLY\laporan.rpt:File not found
